<?xml version="1.0" encoding="UTF-8"?>
<!-- Generated by org.testng.reporters.JUnitXMLReporter -->
<testsuite ignored="0" hostname="krupals-MacBook-Air.local" failures="10" tests="27" name="API Test" time="27.453" errors="0" timestamp="2022-07-22T23:53:27 EDT">
  <testcase classname="com.api.qa.testcase.Delete_Employee" name="@BeforeClass deleteEmployee" time="1.814">
    <failure type="java.lang.NullPointerException" message="Cannot invoke &amp;quot;Object.toString()&amp;quot; because the return value of &amp;quot;io.restassured.path.json.JsonPath.get(String)&amp;quot; is null">
      <![CDATA[java.lang.NullPointerException: Cannot invoke "Object.toString()" because the return value of "io.restassured.path.json.JsonPath.get(String)" is null
at com.api.qa.testcase.Delete_Employee.deleteEmployee(Delete_Employee.java:33)
at java.base/java.util.ArrayList.forEach(ArrayList.java:1511)
... Removed 25 stack frames]]>
    </failure>
  </testcase> <!-- @BeforeClass deleteEmployee -->
  <testcase classname="com.api.qa.testcase.Delete_Employee" name="@AfterClass tearDown" time="-1.658548407753E9">
    <skipped/>
  </testcase> <!-- @AfterClass tearDown -->
  <testcase classname="com.api.qa.testcase.Trello_GetTest" name="CreateBoard" time="4.365">
    <failure type="java.lang.AssertionError" message="expected [200] but found [400]">
      <![CDATA[java.lang.AssertionError: expected [200] but found [400]
at com.api.qa.testcase.Trello_GetTest.CreateBoard(Trello_GetTest.java:41)
at java.base/java.util.ArrayList.forEach(ArrayList.java:1511)
... Removed 33 stack frames]]>
    </failure>
  </testcase> <!-- CreateBoard -->
  <testcase classname="com.api.qa.testcase.Trello_GetTest" name="GetBoard" time="2.33">
    <failure type="java.lang.AssertionError" message="expected [200] but found [400]">
      <![CDATA[java.lang.AssertionError: expected [200] but found [400]
at com.api.qa.testcase.Trello_GetTest.GetBoard(Trello_GetTest.java:63)
at java.base/java.util.ArrayList.forEach(ArrayList.java:1511)
... Removed 33 stack frames]]>
    </failure>
  </testcase> <!-- GetBoard -->
  <testcase classname="com.api.qa.testcase.Post_Employee" name="checkContentType" time="0.002">
    <failure type="java.lang.AssertionError" message="expected [text/html; charset=UTF-8] but found [application/json]">
      <![CDATA[java.lang.AssertionError: expected [text/html; charset=UTF-8] but found [application/json]
at com.api.qa.testcase.Post_Employee.checkContentType(Post_Employee.java:82)
at java.base/java.util.ArrayList.forEach(ArrayList.java:1511)
... Removed 33 stack frames]]>
    </failure>
  </testcase> <!-- checkContentType -->
  <testcase classname="com.api.qa.testcase.Post_Employee" name="checkResposeBody" time="0.005"/>
  <testcase classname="com.api.qa.testcase.Post_Employee" name="checkStatusCode" time="0.001"/>
  <testcase classname="com.api.qa.testcase.Post_Employee" name="checkcontentEncoding" time="0.001">
    <failure type="java.lang.AssertionError" message="expected [gzip] but found [null]">
      <![CDATA[java.lang.AssertionError: expected [gzip] but found [null]
at com.api.qa.testcase.Post_Employee.checkcontentEncoding(Post_Employee.java:96)
at java.base/java.util.ArrayList.forEach(ArrayList.java:1511)
... Removed 33 stack frames]]>
    </failure>
  </testcase> <!-- checkcontentEncoding -->
  <testcase classname="com.api.qa.testcase.Post_Employee" name="checkserverType" time="0.002"/>
  <testcase classname="com.api.qa.testcase.Post_Employee" name="checkstatusLine" time="0.001"/>
  <testcase classname="com.api.qa.testcase.Get_Single_Employee" name="checkContentLenght" time="0.002"/>
  <testcase classname="com.api.qa.testcase.Get_Single_Employee" name="checkContentType" time="0.002">
    <failure type="java.lang.AssertionError" message="expected [text/html; charset=UTF-8] but found [application/json]">
      <![CDATA[java.lang.AssertionError: expected [text/html; charset=UTF-8] but found [application/json]
at com.api.qa.testcase.Get_Single_Employee.checkContentType(Get_Single_Employee.java:61)
at java.base/java.util.ArrayList.forEach(ArrayList.java:1511)
... Removed 33 stack frames]]>
    </failure>
  </testcase> <!-- checkContentType -->
  <testcase classname="com.api.qa.testcase.Get_Single_Employee" name="checkResponseTime" time="0.004"/>
  <testcase classname="com.api.qa.testcase.Get_Single_Employee" name="checkResposeBody" time="0.002">
    <failure type="java.lang.AssertionError" message="expected [true] but found [false]">
      <![CDATA[java.lang.AssertionError: expected [true] but found [false]
at com.api.qa.testcase.Get_Single_Employee.checkResposeBody(Get_Single_Employee.java:31)
at java.base/java.util.ArrayList.forEach(ArrayList.java:1511)
... Removed 33 stack frames]]>
    </failure>
  </testcase> <!-- checkResposeBody -->
  <testcase classname="com.api.qa.testcase.Get_Single_Employee" name="checkStatusCode" time="0.001"/>
  <testcase classname="com.api.qa.testcase.Get_Single_Employee" name="checkserverType" time="0.001"/>
  <testcase classname="com.api.qa.testcase.Get_Single_Employee" name="checkstatusLine" time="0.002"/>
  <testcase classname="com.api.qa.testcase.Put_Employee" name="checkContentType" time="0.001"/>
  <testcase classname="com.api.qa.testcase.Put_Employee" name="checkResposeBody" time="0.003">
    <failure type="java.lang.AssertionError" message="expected [true] but found [false]">
      <![CDATA[java.lang.AssertionError: expected [true] but found [false]
at com.api.qa.testcase.Put_Employee.checkResposeBody(Put_Employee.java:56)
at java.base/java.util.ArrayList.forEach(ArrayList.java:1511)
... Removed 33 stack frames]]>
    </failure>
  </testcase> <!-- checkResposeBody -->
  <testcase classname="com.api.qa.testcase.Put_Employee" name="checkStatusCode" time="0.001">
    <failure type="java.lang.AssertionError" message="expected [200] but found [429]">
      <![CDATA[java.lang.AssertionError: expected [200] but found [429]
at com.api.qa.testcase.Put_Employee.checkStatusCode(Put_Employee.java:65)
at java.base/java.util.ArrayList.forEach(ArrayList.java:1511)
... Removed 33 stack frames]]>
    </failure>
  </testcase> <!-- checkStatusCode -->
  <testcase classname="com.api.qa.testcase.Put_Employee" name="checkcontentEncoding" time="0.001"/>
  <testcase classname="com.api.qa.testcase.Put_Employee" name="checkserverType" time="0.001">
    <failure type="java.lang.AssertionError" message="expected [nginx/1.14.1] but found [nginx]">
      <![CDATA[java.lang.AssertionError: expected [nginx/1.14.1] but found [nginx]
at com.api.qa.testcase.Put_Employee.checkserverType(Put_Employee.java:87)
at java.base/java.util.ArrayList.forEach(ArrayList.java:1511)
... Removed 33 stack frames]]>
    </failure>
  </testcase> <!-- checkserverType -->
  <testcase classname="com.api.qa.testcase.Put_Employee" name="checkstatusLine" time="0.001">
    <failure type="java.lang.AssertionError" message="expected [HTTP/1.1 200 OK] but found [HTTP/1.1 429 Too Many Requests]">
      <![CDATA[java.lang.AssertionError: expected [HTTP/1.1 200 OK] but found [HTTP/1.1 429 Too Many Requests]
at com.api.qa.testcase.Put_Employee.checkstatusLine(Put_Employee.java:72)
at java.base/java.util.ArrayList.forEach(ArrayList.java:1511)
... Removed 33 stack frames]]>
    </failure>
  </testcase> <!-- checkstatusLine -->
  <testcase classname="com.api.qa.testcase.Delete_Employee" name="checkContentType" time="0.0">
    <skipped/>
  </testcase> <!-- checkContentType -->
  <testcase classname="com.api.qa.testcase.Delete_Employee" name="checkResposeBody" time="0.0">
    <skipped/>
  </testcase> <!-- checkResposeBody -->
  <testcase classname="com.api.qa.testcase.Delete_Employee" name="checkStatusCode" time="0.0">
    <skipped/>
  </testcase> <!-- checkStatusCode -->
  <testcase classname="com.api.qa.testcase.Delete_Employee" name="checkcontentEncoding" time="0.0">
    <skipped/>
  </testcase> <!-- checkcontentEncoding -->
  <testcase classname="com.api.qa.testcase.Delete_Employee" name="checkserverType" time="0.0">
    <skipped/>
  </testcase> <!-- checkserverType -->
  <testcase classname="com.api.qa.testcase.Delete_Employee" name="checkstatusLine" time="0.0">
    <skipped/>
  </testcase> <!-- checkstatusLine -->
</testsuite> <!-- API Test -->
