<?xml version="1.0" encoding="UTF-8"?>
<testsuite xmlns:xsi="http://www.w3.org/2001/XMLSchema-instance" xsi:noNamespaceSchemaLocation="https://maven.apache.org/surefire/maven-surefire-plugin/xsd/surefire-test-report.xsd" name="TestSuite" time="28.393" tests="29" errors="0" skipped="7" failures="12">
  <properties>
[...]
</properties>
  <testcase name="CreateBoard" classname="com.api.qa.testcase.Trello_GetTest" time="4.507">
    <failure message="expected [200] but found [400]" type="java.lang.AssertionError">java.lang.AssertionError: expected [200] but found [400]
	at com.api.qa.testcase.Trello_GetTest.CreateBoard(Trello_GetTest.java:41)
</failure>
    <system-out><![CDATA[{"message":"Board must be in a team — specify an idOrganization"}
]]></system-out>
    <system-err><![CDATA[SLF4J: Failed to load class "org.slf4j.impl.StaticLoggerBinder".
SLF4J: Defaulting to no-operation (NOP) logger implementation
SLF4J: See http://www.slf4j.org/codes.html#StaticLoggerBinder for further details.
log4j:WARN No appenders could be found for logger (org.apache.http.impl.conn.BasicClientConnectionManager).
log4j:WARN Please initialize the log4j system properly.
log4j:WARN See http://logging.apache.org/log4j/1.2/faq.html#noconfig for more info.
]]></system-err>
  </testcase>
  <testcase name="GetBoard" classname="com.api.qa.testcase.Trello_GetTest" time="2.238">
    <failure message="expected [200] but found [400]" type="java.lang.AssertionError">java.lang.AssertionError: expected [200] but found [400]
	at com.api.qa.testcase.Trello_GetTest.GetBoard(Trello_GetTest.java:63)
</failure>
    <system-out><![CDATA[invalid id
]]></system-out>
  </testcase>
  <testcase name="checkContentType" classname="com.api.qa.testcase.Post_Employee" time="0.001"/>
  <testcase name="checkResposeBody" classname="com.api.qa.testcase.Post_Employee" time="0.006">
    <failure message="expected [true] but found [false]" type="java.lang.AssertionError">java.lang.AssertionError: expected [true] but found [false]
	at com.api.qa.testcase.Post_Employee.checkResposeBody(Post_Employee.java:58)
</failure>
    <system-out><![CDATA[<!DOCTYPE html>
<html lang="en">
    <head><meta charset="utf-8">
        
        <meta name="viewport" content="width=device-width, initial-scale=1">

        <title>Too Many Requests</title>

        <!-- Fonts -->
        <link rel="dns-prefetch" href="//fonts.gstatic.com">
        <link href="https://fonts.googleapis.com/css?family=Nunito" rel="stylesheet">

        <!-- Styles -->
        <style>
            html, body {
                background-color: #fff;
                color: #636b6f;
                font-family: 'Nunito', sans-serif;
                font-weight: 100;
                height: 100vh;
                margin: 0;
            }

            .full-height {
                height: 100vh;
            }

            .flex-center {
                align-items: center;
                display: flex;
                justify-content: center;
            }

            .position-ref {
                position: relative;
            }

            .code {
                border-right: 2px solid;
                font-size: 26px;
                padding: 0 15px 0 15px;
                text-align: center;
            }

            .message {
                font-size: 18px;
                text-align: center;
            }
        </style>
    </head>
    <body>
        <div class="flex-center position-ref full-height">
            <div class="code">
                429            </div>

            <div class="message" style="padding: 10px;">
                Too Many Requests            </div>
        </div>
    <script type="text/javascript" onload="__ezcl.handle(true);" async src="/utilcave_com/inc/ezcl.webp?cb=4"></script></body>
</html>

]]></system-out>
  </testcase>
  <testcase name="checkStatusCode" classname="com.api.qa.testcase.Post_Employee" time="0.002">
    <failure message="expected [200] but found [429]" type="java.lang.AssertionError">java.lang.AssertionError: expected [200] but found [429]
	at com.api.qa.testcase.Post_Employee.checkStatusCode(Post_Employee.java:67)
</failure>
  </testcase>
  <testcase name="checkcontentEncoding" classname="com.api.qa.testcase.Post_Employee" time="0.001"/>
  <testcase name="checkserverType" classname="com.api.qa.testcase.Post_Employee" time="0"/>
  <testcase name="checkstatusLine" classname="com.api.qa.testcase.Post_Employee" time="0.001">
    <failure message="expected [HTTP/1.1 200 OK] but found [HTTP/1.1 429 Too Many Requests]" type="java.lang.AssertionError">java.lang.AssertionError: expected [HTTP/1.1 200 OK] but found [HTTP/1.1 429 Too Many Requests]
	at com.api.qa.testcase.Post_Employee.checkstatusLine(Post_Employee.java:74)
</failure>
  </testcase>
  <testcase name="checkContentLenght" classname="com.api.qa.testcase.Get_Single_Employee" time="0.002"/>
  <testcase name="checkContentType" classname="com.api.qa.testcase.Get_Single_Employee" time="0.003">
    <failure message="expected [text/html; charset=UTF-8] but found [application/json]" type="java.lang.AssertionError">java.lang.AssertionError: expected [text/html; charset=UTF-8] but found [application/json]
	at com.api.qa.testcase.Get_Single_Employee.checkContentType(Get_Single_Employee.java:61)
</failure>
  </testcase>
  <testcase name="checkResponseTime" classname="com.api.qa.testcase.Get_Single_Employee" time="0.004"/>
  <testcase name="checkResposeBody" classname="com.api.qa.testcase.Get_Single_Employee" time="0.003">
    <failure message="expected [true] but found [false]" type="java.lang.AssertionError">java.lang.AssertionError: expected [true] but found [false]
	at com.api.qa.testcase.Get_Single_Employee.checkResposeBody(Get_Single_Employee.java:31)
</failure>
    <system-out><![CDATA[{"status":"success","data":null,"message":"Successfully! Record has been fetched."}
]]></system-out>
  </testcase>
  <testcase name="checkStatusCode" classname="com.api.qa.testcase.Get_Single_Employee" time="0.001"/>
  <testcase name="checkserverType" classname="com.api.qa.testcase.Get_Single_Employee" time="0.001"/>
  <testcase name="checkstatusLine" classname="com.api.qa.testcase.Get_Single_Employee" time="0.001"/>
  <testcase name="checkContentType" classname="com.api.qa.testcase.Put_Employee" time="0.002"/>
  <testcase name="checkResposeBody" classname="com.api.qa.testcase.Put_Employee" time="0.003">
    <failure message="expected [true] but found [false]" type="java.lang.AssertionError">java.lang.AssertionError: expected [true] but found [false]
	at com.api.qa.testcase.Put_Employee.checkResposeBody(Put_Employee.java:56)
</failure>
  </testcase>
  <testcase name="checkStatusCode" classname="com.api.qa.testcase.Put_Employee" time="0.002">
    <failure message="expected [200] but found [429]" type="java.lang.AssertionError">java.lang.AssertionError: expected [200] but found [429]
	at com.api.qa.testcase.Put_Employee.checkStatusCode(Put_Employee.java:65)
</failure>
  </testcase>
  <testcase name="checkcontentEncoding" classname="com.api.qa.testcase.Put_Employee" time="0.001"/>
  <testcase name="checkserverType" classname="com.api.qa.testcase.Put_Employee" time="0.002">
    <failure message="expected [nginx/1.14.1] but found [nginx]" type="java.lang.AssertionError">java.lang.AssertionError: expected [nginx/1.14.1] but found [nginx]
	at com.api.qa.testcase.Put_Employee.checkserverType(Put_Employee.java:87)
</failure>
  </testcase>
  <testcase name="checkstatusLine" classname="com.api.qa.testcase.Put_Employee" time="0.001">
    <failure message="expected [HTTP/1.1 200 OK] but found [HTTP/1.1 429 Too Many Requests]" type="java.lang.AssertionError">java.lang.AssertionError: expected [HTTP/1.1 200 OK] but found [HTTP/1.1 429 Too Many Requests]
	at com.api.qa.testcase.Put_Employee.checkstatusLine(Put_Employee.java:72)
</failure>
  </testcase>
  <testcase name="deleteEmployee" classname="com.api.qa.testcase.Delete_Employee" time="1.295">
    <failure type="java.lang.NullPointerException">java.lang.NullPointerException
	at com.api.qa.testcase.Delete_Employee.deleteEmployee(Delete_Employee.java:33)
</failure>
    <system-out><![CDATA[2022-07-24 14:58:12 INFO  EmployeesRestAPI:101 - *********  Finished TC004_Put_Employee_Record **********
2022-07-24 14:58:12 INFO  EmployeesRestAPI:22 - *********Started TC005_Delete_Employee_Record **********
]]></system-out>
  </testcase>
  <testcase name="checkContentType" classname="com.api.qa.testcase.Delete_Employee" time="0">
    <skipped/>
  </testcase>
  <testcase name="checkResposeBody" classname="com.api.qa.testcase.Delete_Employee" time="0">
    <skipped/>
  </testcase>
  <testcase name="checkStatusCode" classname="com.api.qa.testcase.Delete_Employee" time="0">
    <skipped/>
  </testcase>
  <testcase name="checkcontentEncoding" classname="com.api.qa.testcase.Delete_Employee" time="0">
    <skipped/>
  </testcase>
  <testcase name="checkserverType" classname="com.api.qa.testcase.Delete_Employee" time="0">
    <skipped/>
  </testcase>
  <testcase name="checkstatusLine" classname="com.api.qa.testcase.Delete_Employee" time="0">
    <skipped/>
  </testcase>
  <testcase name="tearDown" classname="com.api.qa.testcase.Delete_Employee" time="0">
    <skipped/>
  </testcase>
</testsuite>